Base path: C:/Program Files/Unity/Hub/Editor/2018.4.11f1/Editor/Data
Cmd: initializeCompiler
Cmd: compileComputeKernel
  api=4 insize=12270 outsize=1053 ok=1
Cmd: compileComputeKernel
  api=4 insize=23621 outsize=5577 ok=1
Cmd: compileComputeKernel
  api=4 insize=27408 outsize=1621 ok=1
Cmd: compileComputeKernel
  api=4 insize=27408 outsize=1317 ok=1
Cmd: compileComputeKernel
  api=4 insize=27408 outsize=1461 ok=1
Cmd: compileComputeKernel
  api=4 insize=27408 outsize=1857 ok=1
Cmd: compileComputeKernel
  api=4 insize=20360 outsize=857 ok=1
Cmd: compileComputeKernel
  api=4 insize=20360 outsize=1169 ok=1
Cmd: compileComputeKernel
  api=4 insize=20360 outsize=1461 ok=1
Cmd: initializeCompiler

Quitting shader compiler process
