Base path: C:/Program Files/Unity/Hub/Editor/2018.4.11f1/Editor/Data
Cmd: initializeCompiler
Cmd: compileComputeKernel
  api=4 insize=12270 outsize=2961 ok=1
Cmd: compileComputeKernel
  api=4 insize=64076 outsize=7597 ok=1
Cmd: compileComputeKernel
  api=4 insize=27408 outsize=1329 ok=1
Cmd: compileComputeKernel
  api=4 insize=27408 outsize=1365 ok=1
Cmd: compileComputeKernel
  api=4 insize=27408 outsize=1357 ok=1
Cmd: compileComputeKernel
  api=4 insize=27408 outsize=2297 ok=1
Cmd: compileComputeKernel
  api=4 insize=20360 outsize=773 ok=1
Cmd: compileComputeKernel
  api=4 insize=20360 outsize=797 ok=1
Cmd: compileComputeKernel
  api=4 insize=20360 outsize=1397 ok=1
Cmd: compileComputeKernel
  api=4 insize=20360 outsize=1357 ok=1
Cmd: compileComputeKernel
  api=4 insize=20360 outsize=1625 ok=1
Cmd: initializeCompiler

Quitting shader compiler process
