Base path: C:/Program Files/Unity/Hub/Editor/2018.4.11f1/Editor/Data
Cmd: initializeCompiler
Cmd: compileComputeKernel
  api=4 insize=12270 outsize=1565 ok=1
Cmd: compileComputeKernel
  api=4 insize=4482 outsize=1857 ok=1
Cmd: compileComputeKernel
  api=4 insize=23621 outsize=4121 ok=1
Cmd: compileComputeKernel
  api=4 insize=2952 outsize=193 ok=1
Cmd: compileComputeKernel
  api=4 insize=27408 outsize=1685 ok=1
Cmd: compileComputeKernel
  api=4 insize=27408 outsize=1625 ok=1
Cmd: compileComputeKernel
  api=4 insize=27408 outsize=1305 ok=1
Cmd: compileComputeKernel
  api=4 insize=27408 outsize=1857 ok=1
Cmd: compileComputeKernel
  api=4 insize=20360 outsize=809 ok=1
Cmd: compileComputeKernel
  api=4 insize=20360 outsize=753 ok=1
Cmd: compileComputeKernel
  api=4 insize=20360 outsize=1293 ok=1
Cmd: compileComputeKernel
  api=4 insize=20360 outsize=1377 ok=1
Cmd: compileComputeKernel
  api=4 insize=20360 outsize=1241 ok=1
Cmd: initializeCompiler

Quitting shader compiler process
