Base path: C:/Program Files/Unity/Hub/Editor/2018.4.11f1/Editor/Data
Cmd: initializeCompiler
Cmd: compileComputeKernel
  api=4 insize=12270 outsize=1033 ok=1
Cmd: compileComputeKernel
  api=4 insize=27408 outsize=1577 ok=1
Cmd: compileComputeKernel
  api=4 insize=27408 outsize=1377 ok=1
Cmd: compileComputeKernel
  api=4 insize=27408 outsize=1857 ok=1
Cmd: compileComputeKernel
  api=4 insize=27408 outsize=1337 ok=1
Cmd: compileComputeKernel
  api=4 insize=20360 outsize=869 ok=1
Cmd: compileComputeKernel
  api=4 insize=20360 outsize=1317 ok=1
Cmd: compileComputeKernel
  api=4 insize=20360 outsize=1313 ok=1
Cmd: compileComputeKernel
  api=4 insize=20360 outsize=1241 ok=1
Cmd: initializeCompiler

Quitting shader compiler process
