Base path: C:/Program Files/Unity/Hub/Editor/2018.4.11f1/Editor/Data
Cmd: initializeCompiler
Cmd: compileComputeKernel
  api=4 insize=12270 outsize=2037 ok=1
Cmd: compileComputeKernel
  api=4 insize=4482 outsize=2297 ok=1
Cmd: compileComputeKernel
  api=4 insize=23621 outsize=3281 ok=1
Cmd: compileComputeKernel
  api=4 insize=27408 outsize=2029 ok=1
Cmd: compileComputeKernel
  api=4 insize=27408 outsize=1861 ok=1
Cmd: compileComputeKernel
  api=4 insize=27408 outsize=2237 ok=1
Cmd: compileComputeKernel
  api=4 insize=20360 outsize=857 ok=1
Cmd: compileComputeKernel
  api=4 insize=20360 outsize=1317 ok=1
Cmd: compileComputeKernel
  api=4 insize=20360 outsize=1353 ok=1
Cmd: compileComputeKernel
  api=4 insize=20360 outsize=1281 ok=1
Cmd: initializeCompiler

Quitting shader compiler process
