Base path: C:/Program Files/Unity/Hub/Editor/2018.4.11f1/Editor/Data
Cmd: initializeCompiler
Cmd: compileComputeKernel
  api=4 insize=12270 outsize=1425 ok=1
Cmd: compileComputeKernel
  api=4 insize=64076 outsize=12505 ok=1
Cmd: compileComputeKernel
  api=4 insize=4482 outsize=1857 ok=1
Cmd: compileComputeKernel
  api=4 insize=23621 outsize=2657 ok=1
Cmd: compileComputeKernel
  api=4 insize=27408 outsize=2737 ok=1
Cmd: compileComputeKernel
  api=4 insize=20360 outsize=717 ok=1
Cmd: compileComputeKernel
  api=4 insize=20360 outsize=849 ok=1
Cmd: compileComputeKernel
  api=4 insize=20360 outsize=1253 ok=1
Cmd: compileComputeKernel
  api=4 insize=20360 outsize=1281 ok=1
Cmd: initializeCompiler

Quitting shader compiler process
